<?xml version="1.0" encoding="UTF-8"?>
<!-- Generated by org.testng.reporters.JUnitReportReporter -->
<testsuite skipped="0" hostname="DESKTOP-AAJ02US" name="tests.SendEmailTest" tests="1" failures="0" timestamp="24 Mar 2020 15:59:42 GMT" time="11.156" errors="0">
  <testcase name="checkingLoginToTheEmailAndSendingTheMail" time="11.156" classname="tests.SendEmailTest"/>
</testsuite> <!-- tests.SendEmailTest -->
