<?xml version="1.0" encoding="UTF-8"?>
<!-- Generated by org.testng.reporters.JUnitReportReporter -->
<testsuite skipped="0" hostname="DESKTOP-AAJ02US" name="tests.SendEmailTest" tests="1" failures="0" timestamp="23 Mar 2020 17:32:23 GMT" time="16.069" errors="0">
  <testcase name="checkingLoginToTheEmailAndSendingTheMail" time="16.069" classname="tests.SendEmailTest"/>
</testsuite> <!-- tests.SendEmailTest -->
